2025-10-14 21:54:57,252 - INFO - ✓ Alert system database initialized
2025-10-14 21:54:57,253 - INFO - ✓ Created default alert rules: /home/jarvis/NetGuard/config/alert_rules.json
2025-10-14 21:54:57,253 - INFO - ============================================================
2025-10-14 21:54:57,254 - INFO - NetGuard Pro - Enhanced Alert System
2025-10-14 21:54:57,254 - INFO - ============================================================
2025-10-14 21:54:57,254 - INFO - Monitoring for security threats...
2025-10-14 21:54:57,254 - INFO - 
--- Alert Scan Cycle 1 ---
2025-10-14 21:54:57,254 - INFO - Scanning for security threats...
2025-10-14 21:54:57,261 - ERROR - Error in alert cycle: no such table: tcpdump
2025-10-14 21:59:57,261 - INFO - 
--- Alert Scan Cycle 2 ---
2025-10-14 21:59:57,262 - INFO - Scanning for security threats...
2025-10-14 21:59:57,268 - ERROR - Error in alert cycle: no such table: tcpdump
2025-10-14 22:04:57,268 - INFO - 
--- Alert Scan Cycle 3 ---
2025-10-14 22:04:57,268 - INFO - Scanning for security threats...
2025-10-14 22:04:57,275 - ERROR - Error in alert cycle: no such table: tcpdump
2025-10-14 22:09:57,275 - INFO - 
--- Alert Scan Cycle 4 ---
2025-10-14 22:09:57,275 - INFO - Scanning for security threats...
2025-10-14 22:09:57,281 - ERROR - Error in alert cycle: no such table: tcpdump
2025-10-14 22:14:57,281 - INFO - 
--- Alert Scan Cycle 5 ---
2025-10-14 22:14:57,282 - INFO - Scanning for security threats...
2025-10-14 22:14:57,288 - ERROR - Error in alert cycle: no such table: tcpdump
2025-10-14 22:19:57,288 - INFO - 
--- Alert Scan Cycle 6 ---
2025-10-14 22:19:57,288 - INFO - Scanning for security threats...
2025-10-14 22:19:57,297 - ERROR - Error in alert cycle: no such table: tcpdump
2025-10-14 22:24:57,297 - INFO - 
--- Alert Scan Cycle 7 ---
2025-10-14 22:24:57,297 - INFO - Scanning for security threats...
2025-10-14 22:24:57,304 - ERROR - Error in alert cycle: no such table: tcpdump
2025-10-14 22:29:57,305 - INFO - 
--- Alert Scan Cycle 8 ---
2025-10-14 22:29:57,305 - INFO - Scanning for security threats...
2025-10-14 22:29:57,312 - ERROR - Error in alert cycle: no such table: tcpdump
2025-10-14 22:34:57,312 - INFO - 
--- Alert Scan Cycle 9 ---
2025-10-14 22:34:57,312 - INFO - Scanning for security threats...
2025-10-14 22:34:57,315 - ERROR - Error in alert cycle: no such table: tcpdump
2025-10-14 22:39:57,316 - INFO - 
--- Alert Scan Cycle 10 ---
2025-10-14 22:39:57,316 - INFO - Scanning for security threats...
2025-10-14 22:39:57,323 - ERROR - Error in alert cycle: no such table: tcpdump
2025-10-14 22:44:57,323 - INFO - 
--- Alert Scan Cycle 11 ---
2025-10-14 22:44:57,323 - INFO - Scanning for security threats...
2025-10-14 22:44:57,326 - ERROR - Error in alert cycle: no such table: tcpdump
2025-10-14 22:49:57,326 - INFO - 
--- Alert Scan Cycle 12 ---
2025-10-14 22:49:57,327 - INFO - Scanning for security threats...
2025-10-14 22:49:57,376 - ERROR - Error in alert cycle: no such table: tcpdump
2025-10-14 22:54:57,377 - INFO - 
--- Alert Scan Cycle 13 ---
2025-10-14 22:54:57,377 - INFO - Scanning for security threats...
2025-10-14 22:54:57,384 - ERROR - Error in alert cycle: no such table: tcpdump
2025-10-14 22:59:57,384 - INFO - 
--- Alert Scan Cycle 14 ---
2025-10-14 22:59:57,385 - INFO - Scanning for security threats...
2025-10-14 22:59:57,391 - ERROR - Error in alert cycle: no such table: tcpdump
2025-10-14 23:04:57,392 - INFO - 
--- Alert Scan Cycle 15 ---
2025-10-14 23:04:57,392 - INFO - Scanning for security threats...
2025-10-14 23:04:57,399 - ERROR - Error in alert cycle: no such table: tcpdump
2025-10-14 23:09:57,400 - INFO - 
--- Alert Scan Cycle 16 ---
2025-10-14 23:09:57,400 - INFO - Scanning for security threats...
2025-10-14 23:09:57,410 - ERROR - Error in alert cycle: no such table: tcpdump
2025-10-14 23:14:57,411 - INFO - 
--- Alert Scan Cycle 17 ---
2025-10-14 23:14:57,411 - INFO - Scanning for security threats...
2025-10-14 23:14:57,422 - ERROR - Error in alert cycle: no such table: tcpdump
2025-10-14 23:19:57,422 - INFO - 
--- Alert Scan Cycle 18 ---
2025-10-14 23:19:57,423 - INFO - Scanning for security threats...
2025-10-14 23:19:57,430 - ERROR - Error in alert cycle: no such table: tcpdump
2025-10-14 23:24:57,430 - INFO - 
--- Alert Scan Cycle 19 ---
2025-10-14 23:24:57,430 - INFO - Scanning for security threats...
2025-10-14 23:24:57,443 - ERROR - Error in alert cycle: no such table: tcpdump
2025-10-14 23:29:57,443 - INFO - 
--- Alert Scan Cycle 20 ---
2025-10-14 23:29:57,443 - INFO - Scanning for security threats...
2025-10-14 23:29:57,455 - ERROR - Error in alert cycle: no such table: tcpdump
2025-10-14 23:34:57,455 - INFO - 
--- Alert Scan Cycle 21 ---
2025-10-14 23:34:57,455 - INFO - Scanning for security threats...
2025-10-14 23:34:57,463 - ERROR - Error in alert cycle: no such table: tcpdump
2025-10-14 23:39:57,463 - INFO - 
--- Alert Scan Cycle 22 ---
2025-10-14 23:39:57,463 - INFO - Scanning for security threats...
2025-10-14 23:39:57,468 - ERROR - Error in alert cycle: no such table: tcpdump
2025-10-14 23:44:57,469 - INFO - 
--- Alert Scan Cycle 23 ---
2025-10-14 23:44:57,469 - INFO - Scanning for security threats...
2025-10-14 23:44:57,481 - ERROR - Error in alert cycle: no such table: tcpdump
2025-10-14 23:49:57,481 - INFO - 
--- Alert Scan Cycle 24 ---
2025-10-14 23:49:57,482 - INFO - Scanning for security threats...
2025-10-14 23:49:57,489 - ERROR - Error in alert cycle: no such table: tcpdump
2025-10-14 23:54:57,490 - INFO - 
--- Alert Scan Cycle 25 ---
2025-10-14 23:54:57,490 - INFO - Scanning for security threats...
2025-10-14 23:54:57,500 - ERROR - Error in alert cycle: no such table: tcpdump
2025-10-14 23:59:57,501 - INFO - 
--- Alert Scan Cycle 26 ---
2025-10-14 23:59:57,501 - INFO - Scanning for security threats...
2025-10-14 23:59:57,509 - ERROR - Error in alert cycle: no such table: tcpdump
2025-10-15 00:04:57,509 - INFO - 
--- Alert Scan Cycle 27 ---
2025-10-15 00:04:57,509 - INFO - Scanning for security threats...
2025-10-15 00:04:57,520 - ERROR - Error in alert cycle: no such table: tcpdump
2025-10-15 00:09:57,521 - INFO - 
--- Alert Scan Cycle 28 ---
2025-10-15 00:09:57,521 - INFO - Scanning for security threats...
2025-10-15 00:09:57,523 - ERROR - Error in alert cycle: no such table: tcpdump
2025-10-15 00:14:57,523 - INFO - 
--- Alert Scan Cycle 29 ---
2025-10-15 00:14:57,524 - INFO - Scanning for security threats...
2025-10-15 00:14:57,526 - ERROR - Error in alert cycle: no such table: tcpdump
2025-10-15 00:19:57,526 - INFO - 
--- Alert Scan Cycle 30 ---
2025-10-15 00:19:57,527 - INFO - Scanning for security threats...
2025-10-15 00:19:57,529 - ERROR - Error in alert cycle: no such table: tcpdump
2025-10-15 00:24:57,530 - INFO - 
--- Alert Scan Cycle 31 ---
2025-10-15 00:24:57,530 - INFO - Scanning for security threats...
2025-10-15 00:24:57,533 - ERROR - Error in alert cycle: no such table: tcpdump
2025-10-15 00:29:57,533 - INFO - 
--- Alert Scan Cycle 32 ---
2025-10-15 00:29:57,533 - INFO - Scanning for security threats...
2025-10-15 00:29:57,535 - ERROR - Error in alert cycle: no such table: tcpdump
2025-10-15 00:34:57,535 - INFO - 
--- Alert Scan Cycle 33 ---
2025-10-15 00:34:57,535 - INFO - Scanning for security threats...
2025-10-15 00:34:57,539 - ERROR - Error in alert cycle: no such table: tcpdump
2025-10-15 00:39:57,539 - INFO - 
--- Alert Scan Cycle 34 ---
2025-10-15 00:39:57,539 - INFO - Scanning for security threats...
2025-10-15 00:39:57,543 - ERROR - Error in alert cycle: no such table: tcpdump
2025-10-15 00:44:57,543 - INFO - 
--- Alert Scan Cycle 35 ---
2025-10-15 00:44:57,543 - INFO - Scanning for security threats...
2025-10-15 00:44:57,547 - ERROR - Error in alert cycle: no such table: tcpdump
2025-10-15 00:49:57,547 - INFO - 
--- Alert Scan Cycle 36 ---
2025-10-15 00:49:57,547 - INFO - Scanning for security threats...
2025-10-15 00:49:57,552 - ERROR - Error in alert cycle: no such table: tcpdump
2025-10-15 00:54:57,552 - INFO - 
--- Alert Scan Cycle 37 ---
2025-10-15 00:54:57,552 - INFO - Scanning for security threats...
2025-10-15 00:54:57,554 - ERROR - Error in alert cycle: no such table: tcpdump
