2025-10-11 04:48:45,462 - INFO - ============================================================
2025-10-11 04:48:45,462 - INFO - NetGuard Pro - nethogs Collector
2025-10-11 04:48:45,462 - INFO - ============================================================
2025-10-11 04:48:45,462 - INFO - Interface: wlo1
2025-10-11 04:48:45,462 - INFO - Collection interval: 30 seconds
2025-10-11 04:48:45,462 - INFO - Capture duration: 10 seconds
2025-10-11 04:48:45,462 - INFO - ============================================================
2025-10-11 04:48:45,462 - INFO - Collecting nethogs data...
2025-10-11 04:48:55,490 - INFO - ✓ Inserted 18 process bandwidth records into 'nethogs_20251011_044855'
2025-10-11 04:49:25,490 - INFO - Collecting nethogs data...
2025-10-11 04:49:35,521 - INFO - ✓ Inserted 18 process bandwidth records into 'nethogs_20251011_044935'
2025-10-11 04:50:05,522 - INFO - Collecting nethogs data...
2025-10-11 04:50:15,554 - INFO - ✓ Inserted 18 process bandwidth records into 'nethogs_20251011_045015'
2025-10-11 04:50:20,677 - INFO - ============================================================
2025-10-11 04:50:20,677 - INFO - NetGuard Pro - nethogs Collector
2025-10-11 04:50:20,677 - INFO - ============================================================
2025-10-11 04:50:20,677 - INFO - Interface: wlo1
2025-10-11 04:50:20,677 - INFO - Collection interval: 30 seconds
2025-10-11 04:50:20,677 - INFO - Capture duration: 10 seconds
2025-10-11 04:50:20,677 - INFO - ============================================================
2025-10-11 04:50:20,677 - INFO - Collecting nethogs data...
2025-10-11 04:50:30,707 - INFO - ✓ Inserted 77 process bandwidth records into 'nethogs_20251011_045030'
2025-10-11 04:51:00,707 - INFO - Collecting nethogs data...
2025-10-11 04:51:40,724 - INFO - Collecting nethogs data...
2025-10-11 04:51:57,319 - INFO - ============================================================
2025-10-11 04:51:57,319 - INFO - NetGuard Pro - nethogs Collector
2025-10-11 04:51:57,319 - INFO - ============================================================
2025-10-11 04:51:57,319 - INFO - Interface: wlo1
2025-10-11 04:51:57,319 - INFO - Collection interval: 30 seconds
2025-10-11 04:51:57,319 - INFO - Capture duration: 10 seconds
2025-10-11 04:51:57,319 - INFO - ============================================================
2025-10-11 04:51:57,319 - INFO - Collecting nethogs data...
2025-10-11 04:52:07,352 - INFO - ✓ Inserted 70 process bandwidth records into 'nethogs_20251011_045207'
2025-10-11 04:52:37,352 - INFO - Collecting nethogs data...
2025-10-11 04:53:17,369 - INFO - Collecting nethogs data...
2025-10-11 04:53:57,387 - INFO - Collecting nethogs data...
2025-10-11 04:54:37,409 - INFO - Collecting nethogs data...
2025-10-11 04:55:17,428 - INFO - Collecting nethogs data...
2025-10-11 04:55:57,450 - INFO - Collecting nethogs data...
2025-10-11 04:56:37,468 - INFO - Collecting nethogs data...
2025-10-11 04:57:17,489 - INFO - Collecting nethogs data...
2025-10-11 04:57:57,513 - INFO - Collecting nethogs data...
2025-10-11 04:58:37,531 - INFO - Collecting nethogs data...
2025-10-11 04:59:17,555 - INFO - Collecting nethogs data...
2025-10-11 04:59:57,574 - INFO - Collecting nethogs data...
2025-10-11 05:00:37,592 - INFO - Collecting nethogs data...
2025-10-11 05:01:17,617 - INFO - Collecting nethogs data...
2025-10-11 05:01:57,634 - INFO - Collecting nethogs data...
2025-10-11 05:02:37,651 - INFO - Collecting nethogs data...
2025-10-11 05:03:17,669 - INFO - Collecting nethogs data...
2025-10-11 05:03:57,687 - INFO - Collecting nethogs data...
2025-10-11 05:04:37,705 - INFO - Collecting nethogs data...
2025-10-11 05:05:17,724 - INFO - Collecting nethogs data...
2025-10-11 05:05:57,743 - INFO - Collecting nethogs data...
2025-10-11 05:06:37,764 - INFO - Collecting nethogs data...
2025-10-11 05:07:17,783 - INFO - Collecting nethogs data...
2025-10-11 05:07:57,801 - INFO - Collecting nethogs data...
2025-10-11 05:08:37,821 - INFO - Collecting nethogs data...
2025-10-11 05:09:17,840 - INFO - Collecting nethogs data...
2025-10-11 05:09:57,858 - INFO - Collecting nethogs data...
2025-10-11 05:10:37,876 - INFO - Collecting nethogs data...
2025-10-11 05:11:17,896 - INFO - Collecting nethogs data...
2025-10-11 05:11:57,914 - INFO - Collecting nethogs data...
2025-10-11 05:12:37,933 - INFO - Collecting nethogs data...
2025-10-11 05:13:17,953 - INFO - Collecting nethogs data...
2025-10-11 05:13:57,971 - INFO - Collecting nethogs data...
2025-10-11 05:14:37,989 - INFO - Collecting nethogs data...
2025-10-11 05:15:18,006 - INFO - Collecting nethogs data...
2025-10-11 05:15:58,028 - INFO - Collecting nethogs data...
2025-10-11 05:16:38,045 - INFO - Collecting nethogs data...
2025-10-11 05:17:18,065 - INFO - Collecting nethogs data...
2025-10-11 05:17:58,083 - INFO - Collecting nethogs data...
2025-10-11 05:18:38,102 - INFO - Collecting nethogs data...
2025-10-11 05:19:18,125 - INFO - Collecting nethogs data...
2025-10-11 05:19:58,144 - INFO - Collecting nethogs data...
2025-10-11 05:20:38,162 - INFO - Collecting nethogs data...
2025-10-11 05:21:18,181 - INFO - Collecting nethogs data...
2025-10-11 05:21:58,199 - INFO - Collecting nethogs data...
2025-10-11 05:22:38,217 - INFO - Collecting nethogs data...
2025-10-11 05:23:18,236 - INFO - Collecting nethogs data...
2025-10-11 05:23:58,253 - INFO - Collecting nethogs data...
2025-10-11 05:24:38,270 - INFO - Collecting nethogs data...
2025-10-11 05:25:18,292 - INFO - Collecting nethogs data...
2025-10-11 05:25:58,310 - INFO - Collecting nethogs data...
2025-10-11 05:26:38,331 - INFO - Collecting nethogs data...
2025-10-11 05:27:18,353 - INFO - Collecting nethogs data...
2025-10-11 05:27:58,372 - INFO - Collecting nethogs data...
2025-10-11 05:28:38,394 - INFO - Collecting nethogs data...
2025-10-11 05:29:18,427 - INFO - Collecting nethogs data...
2025-10-11 05:29:58,442 - INFO - Collecting nethogs data...
2025-10-11 05:30:38,460 - INFO - Collecting nethogs data...
2025-10-11 05:31:18,477 - INFO - Collecting nethogs data...
2025-10-11 05:31:58,494 - INFO - Collecting nethogs data...
2025-10-11 05:32:38,512 - INFO - Collecting nethogs data...
2025-10-11 05:33:18,531 - INFO - Collecting nethogs data...
2025-10-11 05:33:58,552 - INFO - Collecting nethogs data...
2025-10-11 05:34:38,574 - INFO - Collecting nethogs data...
2025-10-11 05:35:18,597 - INFO - Collecting nethogs data...
2025-10-11 05:35:58,619 - INFO - Collecting nethogs data...
2025-10-11 05:36:38,636 - INFO - Collecting nethogs data...
2025-10-11 05:37:18,653 - INFO - Collecting nethogs data...
2025-10-11 05:37:58,675 - INFO - Collecting nethogs data...
2025-10-11 05:38:38,698 - INFO - Collecting nethogs data...
2025-10-11 05:39:18,717 - INFO - Collecting nethogs data...
2025-10-11 05:39:58,735 - INFO - Collecting nethogs data...
2025-10-11 05:40:38,757 - INFO - Collecting nethogs data...
2025-10-11 05:41:18,774 - INFO - Collecting nethogs data...
2025-10-11 05:41:58,792 - INFO - Collecting nethogs data...
2025-10-11 05:42:38,810 - INFO - Collecting nethogs data...
2025-10-11 05:43:18,832 - INFO - Collecting nethogs data...
2025-10-11 05:43:58,850 - INFO - Collecting nethogs data...
2025-10-11 05:44:38,867 - INFO - Collecting nethogs data...
2025-10-11 05:45:18,886 - INFO - Collecting nethogs data...
2025-10-11 05:45:58,908 - INFO - Collecting nethogs data...
2025-10-11 05:46:38,927 - INFO - Collecting nethogs data...
2025-10-11 05:47:18,944 - INFO - Collecting nethogs data...
2025-10-11 05:47:58,961 - INFO - Collecting nethogs data...
2025-10-11 05:48:38,980 - INFO - Collecting nethogs data...
2025-10-11 05:49:18,998 - INFO - Collecting nethogs data...
2025-10-11 05:49:59,020 - INFO - Collecting nethogs data...
2025-10-11 05:50:39,037 - INFO - Collecting nethogs data...
2025-10-11 05:51:19,056 - INFO - Collecting nethogs data...
2025-10-11 05:51:59,078 - INFO - Collecting nethogs data...
2025-10-11 16:19:39,994 - INFO - ============================================================
2025-10-11 16:19:39,998 - INFO - NetGuard Pro - nethogs Collector
2025-10-11 16:19:39,998 - INFO - ============================================================
2025-10-11 16:19:39,998 - INFO - Interface: wlo1
2025-10-11 16:19:39,999 - INFO - Collection interval: 30 seconds
2025-10-11 16:19:39,999 - INFO - Capture duration: 10 seconds
2025-10-11 16:19:39,999 - INFO - ============================================================
2025-10-11 16:19:39,999 - INFO - Collecting nethogs data...
2025-10-11 16:19:50,027 - INFO - ✓ Inserted 9 process bandwidth records into 'nethogs_20251011_161950'
2025-10-11 16:20:20,027 - INFO - Collecting nethogs data...
2025-10-11 16:21:00,048 - INFO - Collecting nethogs data...
2025-10-11 16:21:40,065 - INFO - Collecting nethogs data...
2025-10-11 16:22:20,083 - INFO - Collecting nethogs data...
2025-10-11 16:23:00,105 - INFO - Collecting nethogs data...
2025-10-11 16:23:40,126 - INFO - Collecting nethogs data...
2025-10-11 16:24:20,148 - INFO - Collecting nethogs data...
2025-10-11 16:25:00,166 - INFO - Collecting nethogs data...
2025-10-11 16:25:40,183 - INFO - Collecting nethogs data...
2025-10-11 16:26:20,204 - INFO - Collecting nethogs data...
2025-10-11 16:27:00,226 - INFO - Collecting nethogs data...
2025-10-11 16:27:40,246 - INFO - Collecting nethogs data...
2025-10-11 16:28:20,272 - INFO - Collecting nethogs data...
2025-10-11 16:29:00,292 - INFO - Collecting nethogs data...
2025-10-11 16:29:40,314 - INFO - Collecting nethogs data...
2025-10-11 16:30:20,330 - INFO - Collecting nethogs data...
2025-10-11 16:31:00,348 - INFO - Collecting nethogs data...
2025-10-11 16:31:40,364 - INFO - Collecting nethogs data...
2025-10-11 16:32:20,384 - INFO - Collecting nethogs data...
2025-10-11 16:33:00,400 - INFO - Collecting nethogs data...
2025-10-11 16:33:40,423 - INFO - Collecting nethogs data...
2025-10-11 16:34:20,441 - INFO - Collecting nethogs data...
2025-10-11 16:35:00,458 - INFO - Collecting nethogs data...
2025-10-11 16:35:40,475 - INFO - Collecting nethogs data...
2025-10-11 16:36:20,492 - INFO - Collecting nethogs data...
2025-10-11 16:37:00,508 - INFO - Collecting nethogs data...
2025-10-11 16:37:40,526 - INFO - Collecting nethogs data...
2025-10-11 16:38:20,547 - INFO - Collecting nethogs data...
2025-10-11 16:39:00,564 - INFO - Collecting nethogs data...
2025-10-11 16:39:40,585 - INFO - Collecting nethogs data...
2025-10-11 16:40:20,613 - INFO - Collecting nethogs data...
2025-10-11 16:41:00,631 - INFO - Collecting nethogs data...
2025-10-11 16:41:40,645 - INFO - Collecting nethogs data...
2025-10-11 16:41:50,686 - INFO - ✓ Inserted 20 process bandwidth records into 'nethogs_20251011_164150'
2025-10-11 16:42:20,687 - INFO - Collecting nethogs data...
2025-10-11 16:43:00,703 - INFO - Collecting nethogs data...
2025-10-11 16:43:40,722 - INFO - Collecting nethogs data...
2025-10-11 16:44:20,738 - INFO - Collecting nethogs data...
2025-10-11 16:45:00,756 - INFO - Collecting nethogs data...
2025-10-11 16:45:40,782 - INFO - Collecting nethogs data...
2025-10-11 16:46:20,803 - INFO - Collecting nethogs data...
2025-10-11 16:47:00,829 - INFO - Collecting nethogs data...
2025-10-11 16:47:40,846 - INFO - Collecting nethogs data...
2025-10-11 16:48:20,864 - INFO - Collecting nethogs data...
2025-10-11 16:49:00,885 - INFO - Collecting nethogs data...
2025-10-11 16:49:40,907 - INFO - Collecting nethogs data...
2025-10-11 16:50:20,925 - INFO - Collecting nethogs data...
2025-10-11 16:51:00,942 - INFO - Collecting nethogs data...
2025-10-11 16:51:40,968 - INFO - Collecting nethogs data...
2025-10-11 16:52:20,994 - INFO - Collecting nethogs data...
2025-10-11 16:53:01,015 - INFO - Collecting nethogs data...
2025-10-11 16:53:41,032 - INFO - Collecting nethogs data...
2025-10-11 16:54:21,055 - INFO - Collecting nethogs data...
2025-10-11 16:55:01,072 - INFO - Collecting nethogs data...
2025-10-11 16:55:41,093 - INFO - Collecting nethogs data...
2025-10-11 16:56:21,118 - INFO - Collecting nethogs data...
2025-10-11 16:57:01,136 - INFO - Collecting nethogs data...
2025-10-11 16:57:41,157 - INFO - Collecting nethogs data...
2025-10-11 16:58:21,175 - INFO - Collecting nethogs data...
2025-10-11 16:59:01,193 - INFO - Collecting nethogs data...
2025-10-11 16:59:41,212 - INFO - Collecting nethogs data...
2025-10-11 17:00:21,234 - INFO - Collecting nethogs data...
2025-10-11 17:01:01,252 - INFO - Collecting nethogs data...
2025-10-11 17:01:41,275 - INFO - Collecting nethogs data...
2025-10-11 17:02:21,295 - INFO - Collecting nethogs data...
2025-10-11 17:03:01,313 - INFO - Collecting nethogs data...
2025-10-11 17:03:41,334 - INFO - Collecting nethogs data...
2025-10-11 17:04:21,350 - INFO - Collecting nethogs data...
2025-10-11 17:05:01,372 - INFO - Collecting nethogs data...
2025-10-11 17:05:41,393 - INFO - Collecting nethogs data...
2025-10-11 17:06:21,413 - INFO - Collecting nethogs data...
2025-10-11 17:07:01,438 - INFO - Collecting nethogs data...
2025-10-11 17:07:41,461 - INFO - Collecting nethogs data...
2025-10-11 17:08:21,478 - INFO - Collecting nethogs data...
2025-10-11 17:09:01,500 - INFO - Collecting nethogs data...
2025-10-11 17:09:41,531 - INFO - Collecting nethogs data...
2025-10-11 17:10:21,548 - INFO - Collecting nethogs data...
2025-10-11 17:11:01,566 - INFO - Collecting nethogs data...
2025-10-11 17:11:41,593 - INFO - Collecting nethogs data...
2025-10-11 17:12:21,612 - INFO - Collecting nethogs data...
2025-10-11 17:13:01,629 - INFO - Collecting nethogs data...
2025-10-11 17:13:41,648 - INFO - Collecting nethogs data...
2025-10-11 17:14:21,670 - INFO - Collecting nethogs data...
2025-10-11 17:15:01,689 - INFO - Collecting nethogs data...
2025-10-11 17:15:41,713 - INFO - Collecting nethogs data...
2025-10-11 17:16:21,735 - INFO - Collecting nethogs data...
2025-10-11 17:17:01,756 - INFO - Collecting nethogs data...
2025-10-11 17:17:41,779 - INFO - Collecting nethogs data...
2025-10-11 17:18:21,803 - INFO - Collecting nethogs data...
2025-10-11 17:19:01,822 - INFO - Collecting nethogs data...
2025-10-11 17:19:41,846 - INFO - Collecting nethogs data...
2025-10-11 17:20:21,864 - INFO - Collecting nethogs data...
2025-10-11 17:21:01,882 - INFO - Collecting nethogs data...
2025-10-11 17:21:41,899 - INFO - Collecting nethogs data...
2025-10-11 17:22:21,926 - INFO - Collecting nethogs data...
2025-10-11 17:23:01,946 - INFO - Collecting nethogs data...
2025-10-11 17:23:41,967 - INFO - Collecting nethogs data...
2025-10-11 17:24:21,993 - INFO - Collecting nethogs data...
2025-10-11 17:25:02,008 - INFO - Collecting nethogs data...
2025-10-11 17:25:42,032 - INFO - Collecting nethogs data...
2025-10-11 17:26:22,051 - INFO - Collecting nethogs data...
2025-10-11 17:27:02,069 - INFO - Collecting nethogs data...
2025-10-11 17:27:42,088 - INFO - Collecting nethogs data...
2025-10-11 17:28:22,110 - INFO - Collecting nethogs data...
2025-10-11 17:29:02,128 - INFO - Collecting nethogs data...
2025-10-11 17:29:42,146 - INFO - Collecting nethogs data...
2025-10-11 17:30:22,164 - INFO - Collecting nethogs data...
2025-10-11 17:31:02,191 - INFO - Collecting nethogs data...
2025-10-11 17:31:42,209 - INFO - Collecting nethogs data...
2025-10-11 17:32:22,231 - INFO - Collecting nethogs data...
2025-10-11 17:33:02,255 - INFO - Collecting nethogs data...
2025-10-11 17:33:42,280 - INFO - Collecting nethogs data...
2025-10-11 17:34:22,297 - INFO - Collecting nethogs data...
2025-10-11 17:35:02,321 - INFO - Collecting nethogs data...
2025-10-11 17:35:42,340 - INFO - Collecting nethogs data...
2025-10-11 17:36:22,363 - INFO - Collecting nethogs data...
2025-10-11 17:37:02,381 - INFO - Collecting nethogs data...
2025-10-11 17:37:42,402 - INFO - Collecting nethogs data...
2025-10-11 17:38:22,423 - INFO - Collecting nethogs data...
2025-10-11 17:39:02,446 - INFO - Collecting nethogs data...
2025-10-11 17:39:42,463 - INFO - Collecting nethogs data...
2025-10-11 17:40:22,477 - INFO - Collecting nethogs data...
2025-10-11 17:41:02,495 - INFO - Collecting nethogs data...
2025-10-11 17:41:42,512 - INFO - Collecting nethogs data...
2025-10-11 17:42:22,530 - INFO - Collecting nethogs data...
2025-10-11 17:43:02,551 - INFO - Collecting nethogs data...
2025-10-11 17:43:42,574 - INFO - Collecting nethogs data...
2025-10-11 17:44:22,591 - INFO - Collecting nethogs data...
2025-10-11 17:45:02,617 - INFO - Collecting nethogs data...
2025-10-11 17:45:42,635 - INFO - Collecting nethogs data...
2025-10-11 17:46:22,653 - INFO - Collecting nethogs data...
2025-10-11 17:47:02,677 - INFO - Collecting nethogs data...
2025-10-11 17:47:42,698 - INFO - Collecting nethogs data...
2025-10-11 17:48:22,722 - INFO - Collecting nethogs data...
2025-10-11 17:49:02,740 - INFO - Collecting nethogs data...
2025-10-11 17:49:42,766 - INFO - Collecting nethogs data...
2025-10-11 17:50:22,782 - INFO - Collecting nethogs data...
2025-10-11 17:51:02,799 - INFO - Collecting nethogs data...
2025-10-11 17:51:42,815 - INFO - Collecting nethogs data...
2025-10-11 17:52:22,833 - INFO - Collecting nethogs data...
2025-10-11 17:53:02,854 - INFO - Collecting nethogs data...
2025-10-11 17:53:42,875 - INFO - Collecting nethogs data...
2025-10-11 17:54:22,892 - INFO - Collecting nethogs data...
2025-10-11 17:55:02,908 - INFO - Collecting nethogs data...
2025-10-11 17:55:42,927 - INFO - Collecting nethogs data...
2025-10-11 17:56:22,947 - INFO - Collecting nethogs data...
2025-10-11 17:57:02,964 - INFO - Collecting nethogs data...
2025-10-11 17:57:42,981 - INFO - Collecting nethogs data...
2025-10-11 17:58:22,999 - INFO - Collecting nethogs data...
2025-10-11 17:59:03,017 - INFO - Collecting nethogs data...
2025-10-11 17:59:43,035 - INFO - Collecting nethogs data...
2025-10-11 18:00:23,052 - INFO - Collecting nethogs data...
2025-10-11 18:01:03,072 - INFO - Collecting nethogs data...
2025-10-11 18:01:43,090 - INFO - Collecting nethogs data...
2025-10-11 18:02:23,107 - INFO - Collecting nethogs data...
2025-10-11 18:03:03,128 - INFO - Collecting nethogs data...
2025-10-11 18:03:43,151 - INFO - Collecting nethogs data...
2025-10-11 18:04:23,169 - INFO - Collecting nethogs data...
2025-10-11 18:05:03,191 - INFO - Collecting nethogs data...
2025-10-11 18:05:43,218 - INFO - Collecting nethogs data...
2025-10-11 18:06:23,237 - INFO - Collecting nethogs data...
2025-10-11 18:07:03,260 - INFO - Collecting nethogs data...
2025-10-11 18:07:43,282 - INFO - Collecting nethogs data...
2025-10-11 18:08:23,300 - INFO - Collecting nethogs data...
2025-10-11 18:09:03,320 - INFO - Collecting nethogs data...
2025-10-11 18:09:43,337 - INFO - Collecting nethogs data...
2025-10-11 18:10:23,354 - INFO - Collecting nethogs data...
2025-10-11 18:11:03,370 - INFO - Collecting nethogs data...
2025-10-11 18:11:43,391 - INFO - Collecting nethogs data...
2025-10-11 18:12:23,417 - INFO - Collecting nethogs data...
2025-10-11 18:13:03,443 - INFO - Collecting nethogs data...
2025-10-11 18:13:43,466 - INFO - Collecting nethogs data...
2025-10-11 18:14:23,484 - INFO - Collecting nethogs data...
2025-10-11 18:15:03,506 - INFO - Collecting nethogs data...
2025-10-11 18:15:43,527 - INFO - Collecting nethogs data...
2025-10-11 18:16:23,545 - INFO - Collecting nethogs data...
2025-10-11 18:17:03,569 - INFO - Collecting nethogs data...
2025-10-11 18:17:43,588 - INFO - Collecting nethogs data...
2025-10-11 18:18:23,606 - INFO - Collecting nethogs data...
2025-10-11 18:19:03,624 - INFO - Collecting nethogs data...
2025-10-11 18:19:43,643 - INFO - Collecting nethogs data...
2025-10-11 18:20:23,661 - INFO - Collecting nethogs data...
2025-10-11 18:21:03,683 - INFO - Collecting nethogs data...
2025-10-11 18:21:43,700 - INFO - Collecting nethogs data...
2025-10-11 18:22:23,715 - INFO - Collecting nethogs data...
2025-10-11 18:23:03,732 - INFO - Collecting nethogs data...
2025-10-11 18:23:43,750 - INFO - Collecting nethogs data...
2025-10-11 20:11:09,892 - INFO - ============================================================
2025-10-11 20:11:09,892 - INFO - NetGuard Pro - nethogs Collector
2025-10-11 20:11:09,893 - INFO - ============================================================
2025-10-11 20:11:09,893 - INFO - Interface: wlo1
2025-10-11 20:11:09,893 - INFO - Collection interval: 30 seconds
2025-10-11 20:11:09,893 - INFO - Capture duration: 10 seconds
2025-10-11 20:11:09,893 - INFO - ============================================================
2025-10-11 20:11:09,893 - INFO - Collecting nethogs data...
2025-10-11 20:11:49,909 - INFO - Collecting nethogs data...
2025-10-11 20:12:29,935 - INFO - Collecting nethogs data...
2025-10-11 20:13:09,953 - INFO - Collecting nethogs data...
2025-10-11 20:13:49,975 - INFO - Collecting nethogs data...
2025-10-11 20:14:29,992 - INFO - Collecting nethogs data...
2025-10-11 20:15:10,012 - INFO - Collecting nethogs data...
2025-10-11 20:15:50,033 - INFO - Collecting nethogs data...
2025-10-11 20:16:30,052 - INFO - Collecting nethogs data...
2025-10-11 20:17:10,073 - INFO - Collecting nethogs data...
2025-10-11 20:17:50,092 - INFO - Collecting nethogs data...
2025-10-11 20:18:30,117 - INFO - Collecting nethogs data...
2025-10-11 20:19:10,136 - INFO - Collecting nethogs data...
2025-10-11 20:19:50,159 - INFO - Collecting nethogs data...
2025-10-11 20:20:30,174 - INFO - Collecting nethogs data...
2025-10-11 20:21:10,192 - INFO - Collecting nethogs data...
2025-10-11 20:21:50,215 - INFO - Collecting nethogs data...
2025-10-11 20:22:30,240 - INFO - Collecting nethogs data...
2025-10-11 20:23:10,260 - INFO - Collecting nethogs data...
2025-10-11 20:23:50,278 - INFO - Collecting nethogs data...
2025-10-11 20:24:30,299 - INFO - Collecting nethogs data...
2025-10-11 20:25:10,321 - INFO - Collecting nethogs data...
2025-10-11 20:25:50,339 - INFO - Collecting nethogs data...
2025-10-11 20:26:30,356 - INFO - Collecting nethogs data...
2025-10-11 20:27:10,376 - INFO - Collecting nethogs data...
2025-10-11 20:27:50,395 - INFO - Collecting nethogs data...
2025-10-11 20:28:30,417 - INFO - Collecting nethogs data...
2025-10-11 20:29:10,435 - INFO - Collecting nethogs data...
2025-10-11 20:29:50,453 - INFO - Collecting nethogs data...
2025-10-11 20:30:30,473 - INFO - Collecting nethogs data...
2025-10-11 20:31:05,701 - INFO - ============================================================
2025-10-11 20:31:05,701 - INFO - NetGuard Pro - nethogs Collector
2025-10-11 20:31:05,701 - INFO - ============================================================
2025-10-11 20:31:05,701 - INFO - Interface: wlo1
2025-10-11 20:31:05,701 - INFO - Collection interval: 30 seconds
2025-10-11 20:31:05,701 - INFO - Capture duration: 10 seconds
2025-10-11 20:31:05,701 - INFO - ============================================================
2025-10-11 20:31:05,701 - INFO - Collecting nethogs data...
2025-10-11 20:31:45,718 - INFO - Collecting nethogs data...
2025-10-11 20:31:55,768 - INFO - ✓ Inserted 10 process bandwidth records into 'nethogs_20251011_203155'
2025-10-11 20:32:25,768 - INFO - Collecting nethogs data...
2025-10-11 20:33:05,787 - INFO - Collecting nethogs data...
2025-10-11 20:33:45,808 - INFO - Collecting nethogs data...
2025-10-11 20:33:45,828 - WARNING - No nethogs data captured
2025-10-11 20:34:15,829 - INFO - Collecting nethogs data...
2025-10-11 20:34:55,846 - INFO - Collecting nethogs data...
2025-10-11 20:35:35,868 - INFO - Collecting nethogs data...
2025-10-11 20:36:15,892 - INFO - Collecting nethogs data...
2025-10-11 20:37:21,422 - INFO - ============================================================
2025-10-11 20:37:21,423 - INFO - NetGuard Pro - nethogs Collector
2025-10-11 20:37:21,423 - INFO - ============================================================
2025-10-11 20:37:21,423 - INFO - Interface: wlo1
2025-10-11 20:37:21,423 - INFO - Collection interval: 30 seconds
2025-10-11 20:37:21,423 - INFO - Capture duration: 10 seconds
2025-10-11 20:37:21,423 - INFO - ============================================================
2025-10-11 20:37:21,424 - INFO - Collecting nethogs data...
2025-10-11 20:38:01,440 - INFO - Collecting nethogs data...
2025-10-11 20:38:41,463 - INFO - Collecting nethogs data...
2025-10-11 20:39:21,481 - INFO - Collecting nethogs data...
2025-10-11 20:40:01,498 - INFO - Collecting nethogs data...
2025-10-11 20:40:41,520 - INFO - Collecting nethogs data...
2025-10-11 20:41:21,542 - INFO - Collecting nethogs data...
2025-10-11 20:42:01,560 - INFO - Collecting nethogs data...
2025-10-11 20:42:41,582 - INFO - Collecting nethogs data...
2025-10-11 20:43:21,600 - INFO - Collecting nethogs data...
2025-10-11 20:44:01,622 - INFO - Collecting nethogs data...
2025-10-11 20:44:41,640 - INFO - Collecting nethogs data...
2025-10-11 20:45:21,662 - INFO - Collecting nethogs data...
2025-10-11 20:46:01,680 - INFO - Collecting nethogs data...
2025-10-11 20:46:41,697 - INFO - Collecting nethogs data...
2025-10-11 20:47:21,715 - INFO - Collecting nethogs data...
2025-10-11 20:48:01,732 - INFO - Collecting nethogs data...
2025-10-11 20:48:41,749 - INFO - Collecting nethogs data...
2025-10-11 20:49:21,767 - INFO - Collecting nethogs data...
2025-10-11 20:50:01,790 - INFO - Collecting nethogs data...
2025-10-11 20:50:41,807 - INFO - Collecting nethogs data...
2025-10-11 20:51:21,823 - INFO - Collecting nethogs data...
2025-10-11 20:52:01,841 - INFO - Collecting nethogs data...
2025-10-11 20:52:41,862 - INFO - Collecting nethogs data...
2025-10-11 20:53:21,886 - INFO - Collecting nethogs data...
2025-10-11 20:54:01,904 - INFO - Collecting nethogs data...
2025-10-11 20:54:41,927 - INFO - Collecting nethogs data...
2025-10-11 20:55:21,945 - INFO - Collecting nethogs data...
2025-10-11 20:56:01,963 - INFO - Collecting nethogs data...
2025-10-11 20:56:41,986 - INFO - Collecting nethogs data...
2025-10-11 20:57:22,006 - INFO - Collecting nethogs data...
2025-10-11 20:58:02,028 - INFO - Collecting nethogs data...
2025-10-11 20:58:42,045 - INFO - Collecting nethogs data...
2025-10-11 20:59:22,063 - INFO - Collecting nethogs data...
2025-10-11 21:00:02,085 - INFO - Collecting nethogs data...
2025-10-11 21:00:42,102 - INFO - Collecting nethogs data...
2025-10-11 21:01:22,120 - INFO - Collecting nethogs data...
2025-10-11 21:02:02,145 - INFO - Collecting nethogs data...
2025-10-11 21:02:42,163 - INFO - Collecting nethogs data...
2025-10-11 21:03:22,181 - INFO - Collecting nethogs data...
2025-10-11 21:04:02,199 - INFO - Collecting nethogs data...
2025-10-11 21:04:42,219 - INFO - Collecting nethogs data...
2025-10-11 21:05:22,245 - INFO - Collecting nethogs data...
2025-10-11 21:06:02,271 - INFO - Collecting nethogs data...
2025-10-11 21:06:42,298 - INFO - Collecting nethogs data...
2025-10-11 21:07:22,316 - INFO - Collecting nethogs data...
2025-10-11 21:08:02,334 - INFO - Collecting nethogs data...
2025-10-11 21:08:42,353 - INFO - Collecting nethogs data...
2025-10-11 21:09:22,379 - INFO - Collecting nethogs data...
2025-10-11 21:10:02,397 - INFO - Collecting nethogs data...
2025-10-11 21:10:42,413 - INFO - Collecting nethogs data...
2025-10-11 21:11:22,432 - INFO - Collecting nethogs data...
2025-10-11 21:12:02,454 - INFO - Collecting nethogs data...
2025-10-11 21:12:42,471 - INFO - Collecting nethogs data...
2025-10-11 21:13:22,493 - INFO - Collecting nethogs data...
2025-10-11 21:14:02,511 - INFO - Collecting nethogs data...
2025-10-11 21:14:42,533 - INFO - Collecting nethogs data...
2025-10-11 21:15:22,551 - INFO - Collecting nethogs data...
2025-10-11 21:16:02,572 - INFO - Collecting nethogs data...
2025-10-11 21:16:42,589 - INFO - Collecting nethogs data...
2025-10-11 21:17:22,612 - INFO - Collecting nethogs data...
2025-10-11 21:18:02,633 - INFO - Collecting nethogs data...
2025-10-11 21:18:42,650 - INFO - Collecting nethogs data...
2025-10-11 21:19:22,669 - INFO - Collecting nethogs data...
2025-10-11 21:20:02,685 - INFO - Collecting nethogs data...
2025-10-11 21:20:42,708 - INFO - Collecting nethogs data...
2025-10-11 21:21:22,732 - INFO - Collecting nethogs data...
2025-10-11 21:22:02,750 - INFO - Collecting nethogs data...
2025-10-11 21:22:42,777 - INFO - Collecting nethogs data...
2025-10-11 21:23:22,800 - INFO - Collecting nethogs data...
2025-10-11 21:24:02,817 - INFO - Collecting nethogs data...
2025-10-11 21:24:42,840 - INFO - Collecting nethogs data...
2025-10-11 21:25:22,864 - INFO - Collecting nethogs data...
2025-10-11 21:26:02,883 - INFO - Collecting nethogs data...
2025-10-11 21:26:42,901 - INFO - Collecting nethogs data...
2025-10-11 21:27:22,923 - INFO - Collecting nethogs data...
2025-10-11 21:28:02,945 - INFO - Collecting nethogs data...
2025-10-11 21:28:42,966 - INFO - Collecting nethogs data...
2025-10-11 21:29:22,986 - INFO - Collecting nethogs data...
2025-10-11 21:30:03,004 - INFO - Collecting nethogs data...
2025-10-11 21:30:43,027 - INFO - Collecting nethogs data...
2025-10-11 21:31:23,044 - INFO - Collecting nethogs data...
2025-10-11 21:32:03,068 - INFO - Collecting nethogs data...
2025-10-11 21:32:43,084 - INFO - Collecting nethogs data...
2025-10-11 21:33:23,107 - INFO - Collecting nethogs data...
2025-10-11 21:34:03,124 - INFO - Collecting nethogs data...
2025-10-11 21:34:43,145 - INFO - Collecting nethogs data...
2025-10-11 21:35:23,162 - INFO - Collecting nethogs data...
2025-10-11 21:36:03,188 - INFO - Collecting nethogs data...
2025-10-11 21:36:43,205 - INFO - Collecting nethogs data...
2025-10-11 21:37:23,225 - INFO - Collecting nethogs data...
2025-10-11 21:38:03,246 - INFO - Collecting nethogs data...
2025-10-11 21:38:43,265 - INFO - Collecting nethogs data...
2025-10-11 21:39:23,286 - INFO - Collecting nethogs data...
2025-10-11 21:40:03,304 - INFO - Collecting nethogs data...
2025-10-11 21:40:43,323 - INFO - Collecting nethogs data...
2025-10-11 21:41:23,345 - INFO - Collecting nethogs data...
2025-10-11 21:42:03,366 - INFO - Collecting nethogs data...
2025-10-11 21:42:43,392 - INFO - Collecting nethogs data...
2025-10-11 21:43:23,410 - INFO - Collecting nethogs data...
2025-10-11 21:44:03,428 - INFO - Collecting nethogs data...
2025-10-11 21:44:43,446 - INFO - Collecting nethogs data...
2025-10-11 21:45:23,464 - INFO - Collecting nethogs data...
2025-10-11 21:46:03,496 - INFO - Collecting nethogs data...
2025-10-11 21:46:43,517 - INFO - Collecting nethogs data...
2025-10-11 21:47:23,541 - INFO - Collecting nethogs data...
2025-10-11 21:48:03,565 - INFO - Collecting nethogs data...
2025-10-11 21:48:43,600 - INFO - Collecting nethogs data...
2025-10-11 21:49:23,623 - INFO - Collecting nethogs data...
2025-10-11 21:50:03,649 - INFO - Collecting nethogs data...
2025-10-11 21:50:43,667 - INFO - Collecting nethogs data...
2025-10-11 21:51:23,688 - INFO - Collecting nethogs data...
2025-10-11 21:52:03,705 - INFO - Collecting nethogs data...
2025-10-11 21:52:43,733 - INFO - Collecting nethogs data...
2025-10-11 21:53:23,751 - INFO - Collecting nethogs data...
2025-10-11 21:54:03,771 - INFO - Collecting nethogs data...
2025-10-11 21:54:43,793 - INFO - Collecting nethogs data...
2025-10-11 21:55:23,812 - INFO - Collecting nethogs data...
2025-10-11 21:56:03,830 - INFO - Collecting nethogs data...
2025-10-11 21:56:43,855 - INFO - Collecting nethogs data...
2025-10-11 21:57:23,874 - INFO - Collecting nethogs data...
2025-10-11 21:58:03,898 - INFO - Collecting nethogs data...
2025-10-11 21:58:43,925 - INFO - Collecting nethogs data...
2025-10-11 21:59:23,943 - INFO - Collecting nethogs data...
2025-10-11 22:00:03,964 - INFO - Collecting nethogs data...
2025-10-11 22:00:43,987 - INFO - Collecting nethogs data...
2025-10-11 22:01:24,010 - INFO - Collecting nethogs data...
2025-10-11 22:02:04,031 - INFO - Collecting nethogs data...
2025-10-11 22:02:44,054 - INFO - Collecting nethogs data...
2025-10-11 22:03:24,076 - INFO - Collecting nethogs data...
2025-10-11 22:04:04,092 - INFO - Collecting nethogs data...
2025-10-11 22:04:14,129 - INFO - ✓ Inserted 18 process bandwidth records into 'nethogs_20251011_220414'
2025-10-11 22:04:44,129 - INFO - Collecting nethogs data...
2025-10-11 22:05:24,151 - INFO - Collecting nethogs data...
2025-10-11 22:06:04,170 - INFO - Collecting nethogs data...
2025-10-11 22:06:44,191 - INFO - Collecting nethogs data...
2025-10-11 22:07:24,218 - INFO - Collecting nethogs data...
2025-10-11 22:08:04,240 - INFO - Collecting nethogs data...
2025-10-11 22:08:44,265 - INFO - Collecting nethogs data...
2025-10-11 22:08:54,313 - INFO - ✓ Inserted 15 process bandwidth records into 'nethogs_20251011_220854'
2025-10-11 22:09:24,313 - INFO - Collecting nethogs data...
2025-10-11 22:10:04,330 - INFO - Collecting nethogs data...
2025-10-11 22:10:44,346 - INFO - Collecting nethogs data...
2025-10-11 22:11:24,368 - INFO - Collecting nethogs data...
2025-10-11 22:11:34,409 - INFO - ✓ Inserted 12 process bandwidth records into 'nethogs_20251011_221134'
2025-10-11 22:12:04,410 - INFO - Collecting nethogs data...
2025-10-11 22:12:44,428 - INFO - Collecting nethogs data...
2025-10-11 22:13:24,446 - INFO - Collecting nethogs data...
2025-10-11 22:14:04,463 - INFO - Collecting nethogs data...
2025-10-11 22:14:44,480 - INFO - Collecting nethogs data...
2025-10-11 22:15:24,501 - INFO - Collecting nethogs data...
2025-10-11 22:16:04,520 - INFO - Collecting nethogs data...
2025-10-11 22:16:44,546 - INFO - Collecting nethogs data...
2025-10-11 22:17:24,567 - INFO - Collecting nethogs data...
2025-10-11 22:18:04,585 - INFO - Collecting nethogs data...
2025-10-11 22:18:44,602 - INFO - Collecting nethogs data...
2025-10-11 22:19:24,620 - INFO - Collecting nethogs data...
2025-10-11 22:20:04,638 - INFO - Collecting nethogs data...
2025-10-11 22:20:44,655 - INFO - Collecting nethogs data...
2025-10-11 22:21:24,673 - INFO - Collecting nethogs data...
2025-10-11 22:22:04,691 - INFO - Collecting nethogs data...
2025-10-11 22:22:44,713 - INFO - Collecting nethogs data...
2025-10-11 22:23:24,732 - INFO - Collecting nethogs data...
2025-10-11 22:24:04,753 - INFO - Collecting nethogs data...
2025-10-11 22:24:14,807 - INFO - ✓ Inserted 6 process bandwidth records into 'nethogs_20251011_222414'
2025-10-11 22:24:44,808 - INFO - Collecting nethogs data...
2025-10-11 22:24:54,849 - INFO - ✓ Inserted 10 process bandwidth records into 'nethogs_20251011_222454'
2025-10-11 22:25:24,849 - INFO - Collecting nethogs data...
2025-10-11 22:25:34,898 - INFO - ✓ Inserted 8 process bandwidth records into 'nethogs_20251011_222534'
2025-10-11 22:26:04,898 - INFO - Collecting nethogs data...
2025-10-11 22:26:44,921 - INFO - Collecting nethogs data...
2025-10-11 22:27:24,940 - INFO - Collecting nethogs data...
2025-10-11 22:28:04,957 - INFO - Collecting nethogs data...
2025-10-11 22:28:15,010 - INFO - ✓ Inserted 13 process bandwidth records into 'nethogs_20251011_222814'
2025-10-11 22:28:45,010 - INFO - Collecting nethogs data...
2025-10-11 22:29:25,028 - INFO - Collecting nethogs data...
2025-10-11 22:29:35,075 - INFO - ✓ Inserted 19 process bandwidth records into 'nethogs_20251011_222935'
2025-10-11 22:30:05,076 - INFO - Collecting nethogs data...
2025-10-11 22:30:45,098 - INFO - Collecting nethogs data...
2025-10-11 22:31:25,116 - INFO - Collecting nethogs data...
2025-10-11 22:32:05,140 - INFO - Collecting nethogs data...
2025-10-11 22:32:45,156 - INFO - Collecting nethogs data...
2025-10-11 22:33:25,173 - INFO - Collecting nethogs data...
2025-10-11 22:34:05,192 - INFO - Collecting nethogs data...
2025-10-11 22:35:47,222 - INFO - ============================================================
2025-10-11 22:35:47,222 - INFO - NetGuard Pro - nethogs Collector
2025-10-11 22:35:47,222 - INFO - ============================================================
2025-10-11 22:35:47,222 - INFO - Interface: wlo1
2025-10-11 22:35:47,222 - INFO - Collection interval: 310 seconds
2025-10-11 22:35:47,222 - INFO - Capture duration: 300 seconds
2025-10-11 22:35:47,222 - INFO - ============================================================
2025-10-11 22:35:47,222 - INFO - Collecting nethogs data...
2025-10-11 22:40:47,266 - INFO - ✓ Inserted 297 process bandwidth records into 'nethogs_20251011_224047'
2025-10-11 22:45:57,266 - INFO - Collecting nethogs data...
2025-10-11 22:56:07,284 - INFO - Collecting nethogs data...
2025-10-11 23:06:17,306 - INFO - Collecting nethogs data...
2025-10-11 23:16:27,330 - INFO - Collecting nethogs data...
2025-10-11 23:26:37,358 - INFO - Collecting nethogs data...
2025-10-11 23:36:47,377 - INFO - Collecting nethogs data...
2025-10-11 23:46:57,399 - INFO - Collecting nethogs data...
2025-10-11 23:57:07,423 - INFO - Collecting nethogs data...
2025-10-12 00:07:17,443 - INFO - Collecting nethogs data...
2025-10-12 00:17:27,466 - INFO - Collecting nethogs data...
2025-10-12 00:27:37,485 - INFO - Collecting nethogs data...
2025-10-12 00:37:47,506 - INFO - Collecting nethogs data...
2025-10-12 00:47:57,525 - INFO - Collecting nethogs data...
2025-10-12 00:58:07,545 - INFO - Collecting nethogs data...
2025-10-12 01:08:17,565 - INFO - Collecting nethogs data...
2025-10-12 01:18:27,585 - INFO - Collecting nethogs data...
2025-10-12 01:28:37,603 - INFO - Collecting nethogs data...
2025-10-12 01:38:47,623 - INFO - Collecting nethogs data...
2025-10-12 01:48:57,644 - INFO - Collecting nethogs data...
2025-10-12 01:59:07,667 - INFO - Collecting nethogs data...
2025-10-12 02:09:17,687 - INFO - Collecting nethogs data...
2025-10-12 02:14:17,751 - INFO - ✓ Inserted 115 process bandwidth records into 'nethogs_20251012_021417'
2025-10-12 02:19:27,752 - INFO - Collecting nethogs data...
2025-10-12 02:29:37,771 - INFO - Collecting nethogs data...
2025-10-12 02:39:47,792 - INFO - Collecting nethogs data...
2025-10-12 02:49:57,813 - INFO - Collecting nethogs data...
2025-10-12 03:00:07,838 - INFO - Collecting nethogs data...
2025-10-12 03:10:17,859 - INFO - Collecting nethogs data...
2025-10-12 03:20:27,882 - INFO - Collecting nethogs data...
2025-10-12 03:30:37,910 - INFO - Collecting nethogs data...
2025-10-12 03:40:47,929 - INFO - Collecting nethogs data...
2025-10-12 03:50:57,956 - INFO - Collecting nethogs data...
2025-10-12 04:01:07,974 - INFO - Collecting nethogs data...
2025-10-12 04:11:17,999 - INFO - Collecting nethogs data...
2025-10-12 04:21:28,020 - INFO - Collecting nethogs data...
2025-10-12 04:31:38,043 - INFO - Collecting nethogs data...
2025-10-12 04:41:48,063 - INFO - Collecting nethogs data...
2025-10-12 04:51:58,085 - INFO - Collecting nethogs data...
2025-10-12 16:24:02,111 - INFO - ============================================================
2025-10-12 16:24:02,112 - INFO - NetGuard Pro - nethogs Collector
2025-10-12 16:24:02,113 - INFO - ============================================================
2025-10-12 16:24:02,113 - INFO - Interface: wlo1
2025-10-12 16:24:02,113 - INFO - Collection interval: 310 seconds
2025-10-12 16:24:02,113 - INFO - Capture duration: 300 seconds
2025-10-12 16:24:02,113 - INFO - ============================================================
2025-10-12 16:24:02,113 - INFO - Collecting nethogs data...
2025-10-12 16:34:12,135 - INFO - Collecting nethogs data...
2025-10-12 16:44:22,155 - INFO - Collecting nethogs data...
2025-10-12 16:54:32,175 - INFO - Collecting nethogs data...
2025-10-12 17:04:42,193 - INFO - Collecting nethogs data...
2025-10-12 17:14:52,214 - INFO - Collecting nethogs data...
2025-10-12 17:25:02,233 - INFO - Collecting nethogs data...
2025-10-12 17:35:12,256 - INFO - Collecting nethogs data...
2025-10-12 17:45:22,276 - INFO - Collecting nethogs data...
2025-10-12 17:55:32,296 - INFO - Collecting nethogs data...
2025-10-12 18:05:42,316 - INFO - Collecting nethogs data...
2025-10-12 18:15:52,337 - INFO - Collecting nethogs data...
2025-10-12 18:26:02,357 - INFO - Collecting nethogs data...
2025-10-12 18:36:12,378 - INFO - Collecting nethogs data...
2025-10-12 18:46:22,397 - INFO - Collecting nethogs data...
2025-10-12 18:56:32,417 - INFO - Collecting nethogs data...
2025-10-12 19:06:42,441 - INFO - Collecting nethogs data...
2025-10-12 19:16:52,461 - INFO - Collecting nethogs data...
2025-10-12 19:27:02,481 - INFO - Collecting nethogs data...
2025-10-12 19:37:12,500 - INFO - Collecting nethogs data...
2025-10-12 19:47:22,524 - INFO - Collecting nethogs data...
2025-10-12 19:57:32,552 - INFO - Collecting nethogs data...
2025-10-12 20:07:42,573 - INFO - Collecting nethogs data...
2025-10-12 20:17:52,594 - INFO - Collecting nethogs data...
2025-10-12 20:28:02,614 - INFO - Collecting nethogs data...
2025-10-12 20:38:12,633 - INFO - Collecting nethogs data...
2025-10-12 20:48:22,656 - INFO - Collecting nethogs data...
2025-10-12 20:58:32,677 - INFO - Collecting nethogs data...
2025-10-12 21:08:42,698 - INFO - Collecting nethogs data...
2025-10-12 21:18:52,718 - INFO - Collecting nethogs data...
2025-10-12 21:29:02,739 - INFO - Collecting nethogs data...
2025-10-12 21:39:12,760 - INFO - Collecting nethogs data...
2025-10-12 21:49:22,789 - INFO - Collecting nethogs data...
2025-10-12 21:59:32,810 - INFO - Collecting nethogs data...
2025-10-12 22:09:42,832 - INFO - Collecting nethogs data...
2025-10-12 22:19:52,852 - INFO - Collecting nethogs data...
2025-10-12 22:30:02,878 - INFO - Collecting nethogs data...
2025-10-12 22:40:12,899 - INFO - Collecting nethogs data...
2025-10-12 22:50:22,932 - INFO - Collecting nethogs data...
2025-10-12 23:00:32,956 - INFO - Collecting nethogs data...
2025-10-12 23:10:42,981 - INFO - Collecting nethogs data...
2025-10-12 23:20:53,002 - INFO - Collecting nethogs data...
2025-10-12 23:31:03,024 - INFO - Collecting nethogs data...
2025-10-12 23:41:13,051 - INFO - Collecting nethogs data...
2025-10-12 23:46:13,100 - INFO - ✓ Inserted 125 process bandwidth records into 'nethogs_20251012_234613'
2025-10-12 23:51:23,100 - INFO - Collecting nethogs data...
2025-10-13 00:01:33,128 - INFO - Collecting nethogs data...
2025-10-13 00:11:43,149 - INFO - Collecting nethogs data...
2025-10-13 00:21:53,170 - INFO - Collecting nethogs data...
2025-10-13 00:32:03,200 - INFO - Collecting nethogs data...
2025-10-13 00:42:13,218 - INFO - Collecting nethogs data...
2025-10-13 00:52:23,241 - INFO - Collecting nethogs data...
2025-10-13 01:02:33,260 - INFO - Collecting nethogs data...
2025-10-13 01:12:43,279 - INFO - Collecting nethogs data...
2025-10-13 01:22:53,301 - INFO - Collecting nethogs data...
2025-10-13 01:33:03,325 - INFO - Collecting nethogs data...
2025-10-13 01:43:13,346 - INFO - Collecting nethogs data...
2025-10-13 01:53:23,369 - INFO - Collecting nethogs data...
2025-10-13 01:58:23,424 - INFO - ✓ Inserted 104 process bandwidth records into 'nethogs_20251013_015823'
2025-10-13 02:03:33,424 - INFO - Collecting nethogs data...
2025-10-13 02:13:43,444 - INFO - Collecting nethogs data...
2025-10-13 02:23:53,465 - INFO - Collecting nethogs data...
2025-10-13 02:34:03,486 - INFO - Collecting nethogs data...
2025-10-13 02:44:13,509 - INFO - Collecting nethogs data...
2025-10-13 02:54:23,532 - INFO - Collecting nethogs data...
2025-10-13 03:04:33,557 - INFO - Collecting nethogs data...
2025-10-13 03:13:00,993 - INFO - ============================================================
2025-10-13 03:13:00,993 - INFO - NetGuard Pro - nethogs Collector
2025-10-13 03:13:00,993 - INFO - ============================================================
2025-10-13 03:13:00,993 - INFO - Interface: wlo1
2025-10-13 03:13:00,993 - INFO - Collection interval: 310 seconds
2025-10-13 03:13:00,993 - INFO - Capture duration: 300 seconds
2025-10-13 03:13:00,993 - INFO - ============================================================
2025-10-13 03:13:00,993 - INFO - Collecting nethogs data...
2025-10-13 03:19:24,795 - INFO - ============================================================
2025-10-13 03:19:24,795 - INFO - NetGuard Pro - nethogs Collector
2025-10-13 03:19:24,795 - INFO - ============================================================
2025-10-13 03:19:24,795 - INFO - Interface: wlo1
2025-10-13 03:19:24,795 - INFO - Collection interval: 310 seconds
2025-10-13 03:19:24,795 - INFO - Capture duration: 300 seconds
2025-10-13 03:19:24,795 - INFO - ============================================================
2025-10-13 03:19:24,796 - INFO - Collecting nethogs data...
2025-10-13 03:29:34,818 - INFO - Collecting nethogs data...
2025-10-13 03:39:44,846 - INFO - Collecting nethogs data...
2025-10-13 03:49:54,871 - INFO - Collecting nethogs data...
2025-10-13 04:00:04,891 - INFO - Collecting nethogs data...
2025-10-13 18:21:28,085 - INFO - ============================================================
2025-10-13 18:21:28,087 - INFO - NetGuard Pro - nethogs Collector
2025-10-13 18:21:28,087 - INFO - ============================================================
2025-10-13 18:21:28,087 - INFO - Interface: wlo1
2025-10-13 18:21:28,087 - INFO - Collection interval: 310 seconds
2025-10-13 18:21:28,087 - INFO - Capture duration: 300 seconds
2025-10-13 18:21:28,087 - INFO - ============================================================
2025-10-13 18:21:28,087 - INFO - Collecting nethogs data...
2025-10-13 18:31:38,107 - INFO - Collecting nethogs data...
2025-10-13 18:41:48,130 - INFO - Collecting nethogs data...
2025-10-13 18:51:58,152 - INFO - Collecting nethogs data...
2025-10-13 19:02:08,176 - INFO - Collecting nethogs data...
2025-10-13 19:12:18,194 - INFO - Collecting nethogs data...
2025-10-13 19:22:28,216 - INFO - Collecting nethogs data...
2025-10-13 19:32:38,238 - INFO - Collecting nethogs data...
2025-10-13 19:42:48,261 - INFO - Collecting nethogs data...
2025-10-13 19:52:58,280 - INFO - Collecting nethogs data...
2025-10-13 20:03:08,300 - INFO - Collecting nethogs data...
2025-10-13 20:13:18,324 - INFO - Collecting nethogs data...
2025-10-13 20:23:28,347 - INFO - Collecting nethogs data...
2025-10-13 20:33:38,366 - INFO - Collecting nethogs data...
2025-10-13 20:38:38,403 - INFO - ✓ Inserted 295 process bandwidth records into 'nethogs_20251013_203838'
2025-10-13 20:43:48,403 - INFO - Collecting nethogs data...
2025-10-13 22:57:54,906 - INFO - ============================================================
2025-10-13 22:57:54,907 - INFO - NetGuard Pro - nethogs Collector
2025-10-13 22:57:54,907 - INFO - ============================================================
2025-10-13 22:57:54,907 - INFO - Interface: wlo1
2025-10-13 22:57:54,907 - INFO - Collection interval: 310 seconds
2025-10-13 22:57:54,907 - INFO - Capture duration: 300 seconds
2025-10-13 22:57:54,907 - INFO - ============================================================
2025-10-13 22:57:54,907 - INFO - Collecting nethogs data...
2025-10-13 23:08:04,932 - INFO - Collecting nethogs data...
2025-10-13 23:18:14,956 - INFO - Collecting nethogs data...
2025-10-13 23:28:24,973 - INFO - Collecting nethogs data...
2025-10-13 23:38:34,992 - INFO - Collecting nethogs data...
2025-10-13 23:48:45,024 - INFO - Collecting nethogs data...
2025-10-13 23:58:55,048 - INFO - Collecting nethogs data...
2025-10-14 00:09:05,071 - INFO - Collecting nethogs data...
2025-10-14 00:19:15,096 - INFO - Collecting nethogs data...
2025-10-14 00:29:25,116 - INFO - Collecting nethogs data...
2025-10-14 00:39:35,135 - INFO - Collecting nethogs data...
2025-10-14 00:49:45,155 - INFO - Collecting nethogs data...
2025-10-14 00:59:55,173 - INFO - Collecting nethogs data...
2025-10-14 01:10:05,198 - INFO - Collecting nethogs data...
2025-10-14 01:20:15,217 - INFO - Collecting nethogs data...
2025-10-14 01:30:25,240 - INFO - Collecting nethogs data...
2025-10-14 01:40:35,258 - INFO - Collecting nethogs data...
2025-10-14 01:50:45,281 - INFO - Collecting nethogs data...
2025-10-14 01:55:45,325 - INFO - ✓ Inserted 125 process bandwidth records into 'nethogs_20251014_015545'
2025-10-14 02:00:55,326 - INFO - Collecting nethogs data...
2025-10-14 02:11:05,344 - INFO - Collecting nethogs data...
2025-10-14 02:21:15,362 - INFO - Collecting nethogs data...
2025-10-14 02:31:25,380 - INFO - Collecting nethogs data...
2025-10-14 02:41:35,399 - INFO - Collecting nethogs data...
2025-10-14 02:51:45,421 - INFO - Collecting nethogs data...
2025-10-14 03:01:55,448 - INFO - Collecting nethogs data...
2025-10-14 03:12:05,467 - INFO - Collecting nethogs data...
2025-10-14 03:22:15,484 - INFO - Collecting nethogs data...
2025-10-14 03:32:25,508 - INFO - Collecting nethogs data...
2025-10-14 16:02:42,259 - INFO - ============================================================
2025-10-14 16:02:42,261 - INFO - NetGuard Pro - nethogs Collector
2025-10-14 16:02:42,261 - INFO - ============================================================
2025-10-14 16:02:42,261 - INFO - Interface: wlo1
2025-10-14 16:02:42,262 - INFO - Collection interval: 310 seconds
2025-10-14 16:02:42,262 - INFO - Capture duration: 300 seconds
2025-10-14 16:02:42,262 - INFO - ============================================================
2025-10-14 16:02:42,262 - INFO - Collecting nethogs data...
2025-10-14 16:12:52,283 - INFO - Collecting nethogs data...
2025-10-14 16:17:52,335 - INFO - ✓ Inserted 218 process bandwidth records into 'nethogs_20251014_161752'
2025-10-14 16:23:02,335 - INFO - Collecting nethogs data...
2025-10-14 16:28:02,385 - INFO - ✓ Inserted 300 process bandwidth records into 'nethogs_20251014_162802'
2025-10-14 16:33:12,385 - INFO - Collecting nethogs data...
2025-10-14 16:38:12,441 - INFO - ✓ Inserted 300 process bandwidth records into 'nethogs_20251014_163812'
2025-10-14 16:43:22,442 - INFO - Collecting nethogs data...
2025-10-14 16:48:22,504 - INFO - ✓ Inserted 300 process bandwidth records into 'nethogs_20251014_164822'
2025-10-14 16:53:32,504 - INFO - Collecting nethogs data...
2025-10-14 16:58:32,580 - INFO - ✓ Inserted 300 process bandwidth records into 'nethogs_20251014_165832'
2025-10-14 17:03:42,581 - INFO - Collecting nethogs data...
2025-10-14 17:08:42,639 - INFO - ✓ Inserted 300 process bandwidth records into 'nethogs_20251014_170842'
2025-10-14 17:13:52,639 - INFO - Collecting nethogs data...
2025-10-14 17:18:52,691 - INFO - ✓ Inserted 300 process bandwidth records into 'nethogs_20251014_171852'
2025-10-14 17:24:02,691 - INFO - Collecting nethogs data...
2025-10-14 17:29:02,751 - INFO - ✓ Inserted 300 process bandwidth records into 'nethogs_20251014_172902'
2025-10-14 17:34:12,751 - INFO - Collecting nethogs data...
2025-10-14 17:39:12,810 - INFO - ✓ Inserted 300 process bandwidth records into 'nethogs_20251014_173912'
2025-10-14 17:44:22,810 - INFO - Collecting nethogs data...
2025-10-14 17:49:22,875 - INFO - ✓ Inserted 300 process bandwidth records into 'nethogs_20251014_174922'
2025-10-14 17:54:32,876 - INFO - Collecting nethogs data...
2025-10-14 17:59:32,909 - INFO - ✓ Inserted 300 process bandwidth records into 'nethogs_20251014_175932'
2025-10-14 18:04:42,910 - INFO - Collecting nethogs data...
2025-10-14 18:09:42,948 - INFO - ✓ Inserted 300 process bandwidth records into 'nethogs_20251014_180942'
2025-10-14 18:14:52,949 - INFO - Collecting nethogs data...
2025-10-14 18:19:52,981 - INFO - ✓ Inserted 174 process bandwidth records into 'nethogs_20251014_181952'
2025-10-14 18:25:02,982 - INFO - Collecting nethogs data...
2025-10-14 18:30:03,014 - INFO - ✓ Inserted 186 process bandwidth records into 'nethogs_20251014_183003'
2025-10-14 18:35:13,015 - INFO - Collecting nethogs data...
2025-10-14 18:45:23,032 - INFO - Collecting nethogs data...
2025-10-14 18:50:23,063 - INFO - ✓ Inserted 53 process bandwidth records into 'nethogs_20251014_185023'
2025-10-14 18:55:33,064 - INFO - Collecting nethogs data...
2025-10-14 19:05:43,087 - INFO - Collecting nethogs data...
2025-10-14 19:15:53,106 - INFO - Collecting nethogs data...
2025-10-14 19:26:03,124 - INFO - Collecting nethogs data...
2025-10-14 19:36:13,162 - INFO - Collecting nethogs data...
2025-10-14 19:46:23,184 - INFO - Collecting nethogs data...
2025-10-14 19:56:33,201 - INFO - Collecting nethogs data...
2025-10-14 20:06:43,220 - INFO - Collecting nethogs data...
2025-10-14 20:16:53,239 - INFO - Collecting nethogs data...
2025-10-14 20:27:03,262 - INFO - Collecting nethogs data...
2025-10-14 20:37:13,279 - INFO - Collecting nethogs data...
2025-10-14 20:47:23,303 - INFO - Collecting nethogs data...
2025-10-14 20:57:33,323 - INFO - Collecting nethogs data...
2025-10-14 21:07:43,344 - INFO - Collecting nethogs data...
2025-10-14 21:17:53,372 - INFO - Collecting nethogs data...
2025-10-14 21:28:03,395 - INFO - Collecting nethogs data...
2025-10-14 21:38:13,414 - INFO - Collecting nethogs data...
2025-10-14 21:48:23,432 - INFO - Collecting nethogs data...
2025-10-14 21:58:33,456 - INFO - Collecting nethogs data...
2025-10-14 22:08:43,478 - INFO - Collecting nethogs data...
2025-10-14 22:18:53,501 - INFO - Collecting nethogs data...
2025-10-14 22:29:03,521 - INFO - Collecting nethogs data...
2025-10-14 22:39:13,540 - INFO - Collecting nethogs data...
2025-10-14 22:49:23,561 - INFO - Collecting nethogs data...
2025-10-14 22:59:33,584 - INFO - Collecting nethogs data...
2025-10-14 23:09:43,607 - INFO - Collecting nethogs data...
2025-10-14 23:19:53,627 - INFO - Collecting nethogs data...
2025-10-14 23:30:03,650 - INFO - Collecting nethogs data...
2025-10-14 23:40:13,674 - INFO - Collecting nethogs data...
2025-10-14 23:45:13,711 - INFO - ✓ Inserted 12 process bandwidth records into 'nethogs_20251014_234513'
2025-10-14 23:50:23,712 - INFO - Collecting nethogs data...
2025-10-15 00:00:33,733 - INFO - Collecting nethogs data...
2025-10-15 00:05:33,779 - INFO - ✓ Inserted 278 process bandwidth records into 'nethogs_20251015_000533'
2025-10-15 00:10:43,780 - INFO - Collecting nethogs data...
2025-10-15 00:15:43,814 - INFO - ✓ Inserted 10 process bandwidth records into 'nethogs_20251015_001543'
2025-10-15 00:20:53,814 - INFO - Collecting nethogs data...
2025-10-15 00:31:03,835 - INFO - Collecting nethogs data...
2025-10-15 00:41:13,853 - INFO - Collecting nethogs data...
2025-10-15 00:51:23,879 - INFO - Collecting nethogs data...
